<?xml version="1.0" encoding="UTF-8"?>
<!-- Generated by org.testng.reporters.JUnitReportReporter -->
<testsuite ignored="0" hostname="co-it01248.globant.com" failures="0" tests="1" name="com.jcastro.travelocity.test.MainTest" time="11.243" errors="0" timestamp="12 Feb 2019 21:38:55 GMT" skipped="0">
  <testcase classname="com.jcastro.travelocity.test.MainTest" name="Search" time="11.243"/>
</testsuite> <!-- com.jcastro.travelocity.test.MainTest -->
